{"/home/labber/lighthouse/w08/scheduler/src/components/Application.js": {"path":"/home/labber/lighthouse/w08/scheduler/src/components/Application.js","statementMap":{"0":{"start":{"line":22,"column":6},"end":{"line":22,"column":26}},"1":{"start":{"line":24,"column":23},"end":{"line":24,"column":62}},"2":{"start":{"line":26,"column":23},"end":{"line":39,"column":3}},"3":{"start":{"line":28,"column":6},"end":{"line":37,"column":8}},"4":{"start":{"line":41,"column":2},"end":{"line":64,"column":4}}},"fnMap":{"0":{"name":"Application","decl":{"start":{"line":16,"column":24},"end":{"line":16,"column":35}},"loc":{"start":{"line":16,"column":43},"end":{"line":65,"column":1}},"line":16},"1":{"name":"(anonymous_1)","decl":{"start":{"line":27,"column":4},"end":{"line":27,"column":5}},"loc":{"start":{"line":27,"column":19},"end":{"line":38,"column":5}},"line":27}},"branchMap":{},"s":{"0":9,"1":9,"2":9,"3":12,"4":9},"f":{"0":9,"1":12},"b":{},"_coverageSchema":"43e27e138ebf9cfc5966b082cf9a028302ed4184","hash":"5d84efdb0c51233d785ad7e09bfe02625da48d5b"}
,"/home/labber/lighthouse/w08/scheduler/src/components/Button.js": {"path":"/home/labber/lighthouse/w08/scheduler/src/components/Button.js","statementMap":{"0":{"start":{"line":8,"column":22},"end":{"line":11,"column":4}},"1":{"start":{"line":13,"column":2},"end":{"line":21,"column":4}}},"fnMap":{"0":{"name":"Button","decl":{"start":{"line":7,"column":24},"end":{"line":7,"column":30}},"loc":{"start":{"line":7,"column":38},"end":{"line":22,"column":1}},"line":7}},"branchMap":{},"s":{"0":49,"1":49},"f":{"0":49},"b":{},"_coverageSchema":"43e27e138ebf9cfc5966b082cf9a028302ed4184","hash":"fd30552390478ad5895ec7012a736ebd6c14f7e9"}
,"/home/labber/lighthouse/w08/scheduler/src/components/DayList.js": {"path":"/home/labber/lighthouse/w08/scheduler/src/components/DayList.js","statementMap":{"0":{"start":{"line":6,"column":15},"end":{"line":16,"column":4}},"1":{"start":{"line":7,"column":4},"end":{"line":15,"column":6}},"2":{"start":{"line":18,"column":2},"end":{"line":18,"column":25}}},"fnMap":{"0":{"name":"DayList","decl":{"start":{"line":5,"column":24},"end":{"line":5,"column":31}},"loc":{"start":{"line":5,"column":39},"end":{"line":19,"column":1}},"line":5},"1":{"name":"(anonymous_1)","decl":{"start":{"line":6,"column":30},"end":{"line":6,"column":31}},"loc":{"start":{"line":6,"column":37},"end":{"line":16,"column":3}},"line":6}},"branchMap":{},"s":{"0":9,"1":12,"2":9},"f":{"0":9,"1":12},"b":{},"_coverageSchema":"43e27e138ebf9cfc5966b082cf9a028302ed4184","hash":"d75027c72a788f88c61f879a93fb0ae2329a1c7c"}
,"/home/labber/lighthouse/w08/scheduler/src/components/DayListItem.js": {"path":"/home/labber/lighthouse/w08/scheduler/src/components/DayListItem.js","statementMap":{"0":{"start":{"line":7,"column":2},"end":{"line":7,"column":48}},"1":{"start":{"line":7,"column":20},"end":{"line":7,"column":48}},"2":{"start":{"line":8,"column":2},"end":{"line":8,"column":46}},"3":{"start":{"line":8,"column":20},"end":{"line":8,"column":46}},"4":{"start":{"line":10,"column":2},"end":{"line":10,"column":37}},"5":{"start":{"line":14,"column":19},"end":{"line":17,"column":4}},"6":{"start":{"line":19,"column":2},"end":{"line":28,"column":4}},"7":{"start":{"line":22,"column":21},"end":{"line":22,"column":45}}},"fnMap":{"0":{"name":"formatSpots","decl":{"start":{"line":6,"column":16},"end":{"line":6,"column":27}},"loc":{"start":{"line":6,"column":36},"end":{"line":11,"column":1}},"line":6},"1":{"name":"DayListItem","decl":{"start":{"line":13,"column":24},"end":{"line":13,"column":35}},"loc":{"start":{"line":13,"column":43},"end":{"line":29,"column":1}},"line":13},"2":{"name":"(anonymous_2)","decl":{"start":{"line":22,"column":15},"end":{"line":22,"column":16}},"loc":{"start":{"line":22,"column":21},"end":{"line":22,"column":45}},"line":22}},"branchMap":{"0":{"loc":{"start":{"line":7,"column":2},"end":{"line":7,"column":48}},"type":"if","locations":[{"start":{"line":7,"column":2},"end":{"line":7,"column":48}},{"start":{"line":7,"column":2},"end":{"line":7,"column":48}}],"line":7},"1":{"loc":{"start":{"line":8,"column":2},"end":{"line":8,"column":46}},"type":"if","locations":[{"start":{"line":8,"column":2},"end":{"line":8,"column":46}},{"start":{"line":8,"column":2},"end":{"line":8,"column":46}}],"line":8}},"s":{"0":12,"1":1,"2":11,"3":10,"4":1,"5":12,"6":12,"7":1},"f":{"0":12,"1":12,"2":1},"b":{"0":[1,11],"1":[10,1]},"_coverageSchema":"43e27e138ebf9cfc5966b082cf9a028302ed4184","hash":"1bfe81a8ca2d42f9fbc87780b4cae0cfc5ff59f4"}
,"/home/labber/lighthouse/w08/scheduler/src/components/InterviewerList.js": {"path":"/home/labber/lighthouse/w08/scheduler/src/components/InterviewerList.js","statementMap":{"0":{"start":{"line":7,"column":23},"end":{"line":18,"column":4}},"1":{"start":{"line":8,"column":4},"end":{"line":17,"column":6}},"2":{"start":{"line":15,"column":33},"end":{"line":15,"column":63}},"3":{"start":{"line":20,"column":2},"end":{"line":25,"column":4}},"4":{"start":{"line":28,"column":0},"end":{"line":30,"column":1}}},"fnMap":{"0":{"name":"InterviewerList","decl":{"start":{"line":6,"column":9},"end":{"line":6,"column":24}},"loc":{"start":{"line":6,"column":32},"end":{"line":26,"column":1}},"line":6},"1":{"name":"(anonymous_1)","decl":{"start":{"line":7,"column":46},"end":{"line":7,"column":47}},"loc":{"start":{"line":7,"column":61},"end":{"line":18,"column":3}},"line":7},"2":{"name":"(anonymous_2)","decl":{"start":{"line":15,"column":24},"end":{"line":15,"column":25}},"loc":{"start":{"line":15,"column":33},"end":{"line":15,"column":63}},"line":15}},"branchMap":{},"s":{"0":23,"1":26,"2":1,"3":23,"4":3},"f":{"0":23,"1":26,"2":1},"b":{},"_coverageSchema":"43e27e138ebf9cfc5966b082cf9a028302ed4184","hash":"2bdc76f1e1521a2cc6fc03fd0d3ee05dd13606ea"}
,"/home/labber/lighthouse/w08/scheduler/src/components/InterviewerListItem.js": {"path":"/home/labber/lighthouse/w08/scheduler/src/components/InterviewerListItem.js","statementMap":{"0":{"start":{"line":7,"column":20},"end":{"line":9,"column":4}},"1":{"start":{"line":11,"column":2},"end":{"line":20,"column":4}}},"fnMap":{"0":{"name":"InterviewerItem","decl":{"start":{"line":6,"column":24},"end":{"line":6,"column":39}},"loc":{"start":{"line":6,"column":47},"end":{"line":21,"column":1}},"line":6}},"branchMap":{"0":{"loc":{"start":{"line":18,"column":7},"end":{"line":18,"column":35}},"type":"binary-expr","locations":[{"start":{"line":18,"column":7},"end":{"line":18,"column":21}},{"start":{"line":18,"column":25},"end":{"line":18,"column":35}}],"line":18}},"s":{"0":26,"1":26},"f":{"0":26},"b":{"0":[26,10]},"_coverageSchema":"43e27e138ebf9cfc5966b082cf9a028302ed4184","hash":"b28ae89b16d31b81a2731d2d7eedcf2321583c98"}
,"/home/labber/lighthouse/w08/scheduler/src/components/Appointment/Confirm.js": {"path":"/home/labber/lighthouse/w08/scheduler/src/components/Appointment/Confirm.js","statementMap":{"0":{"start":{"line":6,"column":2},"end":{"line":18,"column":4}}},"fnMap":{"0":{"name":"Confirm","decl":{"start":{"line":5,"column":24},"end":{"line":5,"column":31}},"loc":{"start":{"line":5,"column":39},"end":{"line":19,"column":1}},"line":5}},"branchMap":{},"s":{"0":1},"f":{"0":1},"b":{},"_coverageSchema":"43e27e138ebf9cfc5966b082cf9a028302ed4184","hash":"88d04ede87320bc0353d2d6f0d9ad59a77bfe95a"}
,"/home/labber/lighthouse/w08/scheduler/src/components/Appointment/Empty.js": {"path":"/home/labber/lighthouse/w08/scheduler/src/components/Appointment/Empty.js","statementMap":{"0":{"start":{"line":4,"column":2},"end":{"line":13,"column":4}}},"fnMap":{"0":{"name":"Empty","decl":{"start":{"line":3,"column":24},"end":{"line":3,"column":29}},"loc":{"start":{"line":3,"column":37},"end":{"line":14,"column":1}},"line":3}},"branchMap":{},"s":{"0":16},"f":{"0":16},"b":{},"_coverageSchema":"43e27e138ebf9cfc5966b082cf9a028302ed4184","hash":"74b3e894f7895ec6ac8d2817cf3a554dc07d8afa"}
,"/home/labber/lighthouse/w08/scheduler/src/components/Appointment/Error.js": {"path":"/home/labber/lighthouse/w08/scheduler/src/components/Appointment/Error.js","statementMap":{"0":{"start":{"line":4,"column":2},"end":{"line":17,"column":4}}},"fnMap":{"0":{"name":"Error","decl":{"start":{"line":3,"column":24},"end":{"line":3,"column":29}},"loc":{"start":{"line":3,"column":37},"end":{"line":18,"column":1}},"line":3}},"branchMap":{},"s":{"0":0},"f":{"0":0},"b":{},"_coverageSchema":"43e27e138ebf9cfc5966b082cf9a028302ed4184","hash":"fb23e4e30820821d5bdfdad60f173a87428e81c1"}
,"/home/labber/lighthouse/w08/scheduler/src/components/Appointment/Form.js": {"path":"/home/labber/lighthouse/w08/scheduler/src/components/Appointment/Form.js","statementMap":{"0":{"start":{"line":7,"column":26},"end":{"line":7,"column":52}},"1":{"start":{"line":8,"column":40},"end":{"line":8,"column":75}},"2":{"start":{"line":9,"column":28},"end":{"line":9,"column":40}},"3":{"start":{"line":12,"column":4},"end":{"line":12,"column":16}},"4":{"start":{"line":13,"column":4},"end":{"line":13,"column":25}},"5":{"start":{"line":17,"column":4},"end":{"line":17,"column":12}},"6":{"start":{"line":18,"column":4},"end":{"line":18,"column":21}},"7":{"start":{"line":22,"column":4},"end":{"line":25,"column":5}},"8":{"start":{"line":23,"column":6},"end":{"line":23,"column":47}},"9":{"start":{"line":24,"column":6},"end":{"line":24,"column":13}},"10":{"start":{"line":26,"column":4},"end":{"line":29,"column":5}},"11":{"start":{"line":27,"column":6},"end":{"line":27,"column":47}},"12":{"start":{"line":28,"column":6},"end":{"line":28,"column":13}},"13":{"start":{"line":30,"column":4},"end":{"line":30,"column":19}},"14":{"start":{"line":31,"column":4},"end":{"line":31,"column":36}},"15":{"start":{"line":34,"column":2},"end":{"line":68,"column":4}},"16":{"start":{"line":37,"column":52},"end":{"line":37,"column":74}},"17":{"start":{"line":45,"column":14},"end":{"line":45,"column":42}}},"fnMap":{"0":{"name":"Form","decl":{"start":{"line":6,"column":24},"end":{"line":6,"column":28}},"loc":{"start":{"line":6,"column":36},"end":{"line":69,"column":1}},"line":6},"1":{"name":"reset","decl":{"start":{"line":11,"column":11},"end":{"line":11,"column":16}},"loc":{"start":{"line":11,"column":19},"end":{"line":14,"column":3}},"line":11},"2":{"name":"cancel","decl":{"start":{"line":16,"column":11},"end":{"line":16,"column":17}},"loc":{"start":{"line":16,"column":20},"end":{"line":19,"column":3}},"line":16},"3":{"name":"validate","decl":{"start":{"line":21,"column":11},"end":{"line":21,"column":19}},"loc":{"start":{"line":21,"column":22},"end":{"line":32,"column":3}},"line":21},"4":{"name":"(anonymous_4)","decl":{"start":{"line":37,"column":43},"end":{"line":37,"column":44}},"loc":{"start":{"line":37,"column":52},"end":{"line":37,"column":74}},"line":37},"5":{"name":"(anonymous_5)","decl":{"start":{"line":44,"column":22},"end":{"line":44,"column":23}},"loc":{"start":{"line":44,"column":31},"end":{"line":46,"column":13}},"line":44}},"branchMap":{"0":{"loc":{"start":{"line":7,"column":35},"end":{"line":7,"column":51}},"type":"binary-expr","locations":[{"start":{"line":7,"column":35},"end":{"line":7,"column":45}},{"start":{"line":7,"column":49},"end":{"line":7,"column":51}}],"line":7},"1":{"loc":{"start":{"line":8,"column":49},"end":{"line":8,"column":74}},"type":"binary-expr","locations":[{"start":{"line":8,"column":49},"end":{"line":8,"column":66}},{"start":{"line":8,"column":70},"end":{"line":8,"column":74}}],"line":8},"2":{"loc":{"start":{"line":22,"column":4},"end":{"line":25,"column":5}},"type":"if","locations":[{"start":{"line":22,"column":4},"end":{"line":25,"column":5}},{"start":{"line":22,"column":4},"end":{"line":25,"column":5}}],"line":22},"3":{"loc":{"start":{"line":26,"column":4},"end":{"line":29,"column":5}},"type":"if","locations":[{"start":{"line":26,"column":4},"end":{"line":29,"column":5}},{"start":{"line":26,"column":4},"end":{"line":29,"column":5}}],"line":26}},"s":{"0":23,"1":23,"2":23,"3":1,"4":1,"5":1,"6":1,"7":8,"8":2,"9":2,"10":6,"11":2,"12":2,"13":4,"14":4,"15":23,"16":0,"17":4},"f":{"0":23,"1":1,"2":1,"3":8,"4":0,"5":4},"b":{"0":[23,14],"1":[23,14],"2":[2,6],"3":[2,4]},"_coverageSchema":"43e27e138ebf9cfc5966b082cf9a028302ed4184","hash":"5620a9ea17ebc7451b9bff4e602bbd28da528cbd"}
,"/home/labber/lighthouse/w08/scheduler/src/components/Appointment/Header.js": {"path":"/home/labber/lighthouse/w08/scheduler/src/components/Appointment/Header.js","statementMap":{"0":{"start":{"line":4,"column":2},"end":{"line":9,"column":4}}},"fnMap":{"0":{"name":"Header","decl":{"start":{"line":3,"column":24},"end":{"line":3,"column":30}},"loc":{"start":{"line":3,"column":38},"end":{"line":10,"column":1}},"line":3}},"branchMap":{},"s":{"0":28},"f":{"0":28},"b":{},"_coverageSchema":"43e27e138ebf9cfc5966b082cf9a028302ed4184","hash":"9dca2e8af36ad0421e3af34170e30864c3e2a87d"}
,"/home/labber/lighthouse/w08/scheduler/src/components/Appointment/Show.js": {"path":"/home/labber/lighthouse/w08/scheduler/src/components/Appointment/Show.js","statementMap":{"0":{"start":{"line":4,"column":2},"end":{"line":32,"column":4}}},"fnMap":{"0":{"name":"Show","decl":{"start":{"line":3,"column":24},"end":{"line":3,"column":28}},"loc":{"start":{"line":3,"column":36},"end":{"line":33,"column":1}},"line":3}},"branchMap":{"0":{"loc":{"start":{"line":11,"column":13},"end":{"line":11,"column":56}},"type":"binary-expr","locations":[{"start":{"line":11,"column":13},"end":{"line":11,"column":30}},{"start":{"line":11,"column":34},"end":{"line":11,"column":56}}],"line":11}},"s":{"0":6},"f":{"0":6},"b":{"0":[6,6]},"_coverageSchema":"43e27e138ebf9cfc5966b082cf9a028302ed4184","hash":"e87325649bbea8533c23869839f20c2111fa7e88"}
,"/home/labber/lighthouse/w08/scheduler/src/components/Appointment/Status.js": {"path":"/home/labber/lighthouse/w08/scheduler/src/components/Appointment/Status.js","statementMap":{"0":{"start":{"line":4,"column":2},"end":{"line":13,"column":4}}},"fnMap":{"0":{"name":"Status","decl":{"start":{"line":3,"column":24},"end":{"line":3,"column":30}},"loc":{"start":{"line":3,"column":38},"end":{"line":14,"column":1}},"line":3}},"branchMap":{},"s":{"0":4},"f":{"0":4},"b":{},"_coverageSchema":"43e27e138ebf9cfc5966b082cf9a028302ed4184","hash":"57787435d2af7ef791cf5b93f00d28ccbba8538c"}
,"/home/labber/lighthouse/w08/scheduler/src/components/Appointment/index.js": {"path":"/home/labber/lighthouse/w08/scheduler/src/components/Appointment/index.js","statementMap":{"0":{"start":{"line":14,"column":16},"end":{"line":14,"column":23}},"1":{"start":{"line":15,"column":15},"end":{"line":15,"column":21}},"2":{"start":{"line":16,"column":17},"end":{"line":16,"column":25}},"3":{"start":{"line":17,"column":15},"end":{"line":17,"column":21}},"4":{"start":{"line":18,"column":17},"end":{"line":18,"column":25}},"5":{"start":{"line":19,"column":19},"end":{"line":19,"column":29}},"6":{"start":{"line":20,"column":18},"end":{"line":20,"column":27}},"7":{"start":{"line":21,"column":21},"end":{"line":21,"column":33}},"8":{"start":{"line":22,"column":23},"end":{"line":22,"column":37}},"9":{"start":{"line":23,"column":22},"end":{"line":23,"column":52}},"10":{"start":{"line":24,"column":37},"end":{"line":24,"column":63}},"11":{"start":{"line":27,"column":22},"end":{"line":30,"column":5}},"12":{"start":{"line":32,"column":4},"end":{"line":32,"column":23}},"13":{"start":{"line":34,"column":4},"end":{"line":37,"column":52}},"14":{"start":{"line":36,"column":18},"end":{"line":36,"column":34}},"15":{"start":{"line":37,"column":22},"end":{"line":37,"column":50}},"16":{"start":{"line":41,"column":4},"end":{"line":41,"column":31}},"17":{"start":{"line":42,"column":4},"end":{"line":45,"column":54}},"18":{"start":{"line":44,"column":18},"end":{"line":44,"column":35}},"19":{"start":{"line":45,"column":22},"end":{"line":45,"column":52}},"20":{"start":{"line":48,"column":2},"end":{"line":95,"column":4}},"21":{"start":{"line":52,"column":45},"end":{"line":52,"column":63}},"22":{"start":{"line":57,"column":26},"end":{"line":57,"column":45}},"23":{"start":{"line":58,"column":24},"end":{"line":58,"column":40}}},"fnMap":{"0":{"name":"Appointment","decl":{"start":{"line":13,"column":9},"end":{"line":13,"column":20}},"loc":{"start":{"line":13,"column":28},"end":{"line":96,"column":1}},"line":13},"1":{"name":"save","decl":{"start":{"line":26,"column":11},"end":{"line":26,"column":15}},"loc":{"start":{"line":26,"column":35},"end":{"line":38,"column":3}},"line":26},"2":{"name":"(anonymous_2)","decl":{"start":{"line":36,"column":12},"end":{"line":36,"column":13}},"loc":{"start":{"line":36,"column":18},"end":{"line":36,"column":34}},"line":36},"3":{"name":"(anonymous_3)","decl":{"start":{"line":37,"column":13},"end":{"line":37,"column":14}},"loc":{"start":{"line":37,"column":22},"end":{"line":37,"column":50}},"line":37},"4":{"name":"destroy","decl":{"start":{"line":40,"column":11},"end":{"line":40,"column":18}},"loc":{"start":{"line":40,"column":21},"end":{"line":46,"column":3}},"line":40},"5":{"name":"(anonymous_5)","decl":{"start":{"line":44,"column":12},"end":{"line":44,"column":13}},"loc":{"start":{"line":44,"column":18},"end":{"line":44,"column":35}},"line":44},"6":{"name":"(anonymous_6)","decl":{"start":{"line":45,"column":13},"end":{"line":45,"column":14}},"loc":{"start":{"line":45,"column":22},"end":{"line":45,"column":52}},"line":45},"7":{"name":"(anonymous_7)","decl":{"start":{"line":52,"column":39},"end":{"line":52,"column":40}},"loc":{"start":{"line":52,"column":45},"end":{"line":52,"column":63}},"line":52},"8":{"name":"(anonymous_8)","decl":{"start":{"line":57,"column":20},"end":{"line":57,"column":21}},"loc":{"start":{"line":57,"column":26},"end":{"line":57,"column":45}},"line":57},"9":{"name":"(anonymous_9)","decl":{"start":{"line":58,"column":18},"end":{"line":58,"column":19}},"loc":{"start":{"line":58,"column":24},"end":{"line":58,"column":40}},"line":58}},"branchMap":{"0":{"loc":{"start":{"line":23,"column":22},"end":{"line":23,"column":52}},"type":"cond-expr","locations":[{"start":{"line":23,"column":40},"end":{"line":23,"column":44}},{"start":{"line":23,"column":47},"end":{"line":23,"column":52}}],"line":23},"1":{"loc":{"start":{"line":52,"column":7},"end":{"line":52,"column":67}},"type":"binary-expr","locations":[{"start":{"line":52,"column":7},"end":{"line":52,"column":21}},{"start":{"line":52,"column":25},"end":{"line":52,"column":67}}],"line":52},"2":{"loc":{"start":{"line":53,"column":7},"end":{"line":60,"column":7}},"type":"binary-expr","locations":[{"start":{"line":53,"column":7},"end":{"line":53,"column":20}},{"start":{"line":54,"column":8},"end":{"line":59,"column":10}}],"line":53},"3":{"loc":{"start":{"line":61,"column":7},"end":{"line":67,"column":7}},"type":"binary-expr","locations":[{"start":{"line":61,"column":7},"end":{"line":61,"column":22}},{"start":{"line":62,"column":8},"end":{"line":66,"column":10}}],"line":61},"4":{"loc":{"start":{"line":68,"column":7},"end":{"line":76,"column":7}},"type":"binary-expr","locations":[{"start":{"line":68,"column":7},"end":{"line":68,"column":20}},{"start":{"line":69,"column":8},"end":{"line":75,"column":10}}],"line":68},"5":{"loc":{"start":{"line":77,"column":7},"end":{"line":77,"column":53}},"type":"binary-expr","locations":[{"start":{"line":77,"column":7},"end":{"line":77,"column":22}},{"start":{"line":77,"column":26},"end":{"line":77,"column":53}}],"line":77},"6":{"loc":{"start":{"line":78,"column":7},"end":{"line":78,"column":57}},"type":"binary-expr","locations":[{"start":{"line":78,"column":7},"end":{"line":78,"column":24}},{"start":{"line":78,"column":28},"end":{"line":78,"column":57}}],"line":78},"7":{"loc":{"start":{"line":79,"column":7},"end":{"line":85,"column":7}},"type":"binary-expr","locations":[{"start":{"line":79,"column":7},"end":{"line":79,"column":23}},{"start":{"line":80,"column":8},"end":{"line":84,"column":10}}],"line":79},"8":{"loc":{"start":{"line":86,"column":7},"end":{"line":88,"column":7}},"type":"binary-expr","locations":[{"start":{"line":86,"column":7},"end":{"line":86,"column":26}},{"start":{"line":87,"column":8},"end":{"line":87,"column":70}}],"line":86},"9":{"loc":{"start":{"line":89,"column":7},"end":{"line":91,"column":7}},"type":"binary-expr","locations":[{"start":{"line":89,"column":7},"end":{"line":89,"column":28}},{"start":{"line":90,"column":8},"end":{"line":90,"column":72}}],"line":89}},"s":{"0":28,"1":28,"2":28,"3":28,"4":28,"5":28,"6":28,"7":28,"8":28,"9":28,"10":28,"11":1,"12":1,"13":1,"14":1,"15":0,"16":1,"17":1,"18":1,"19":0,"20":28,"21":1,"22":1,"23":0},"f":{"0":28,"1":1,"2":1,"3":0,"4":1,"5":1,"6":0,"7":1,"8":1,"9":0},"b":{"0":[9,19],"1":[28,16],"2":[28,6],"3":[28,1],"4":[28,0],"5":[28,2],"6":[28,2],"7":[28,1],"8":[28,0],"9":[28,0]},"_coverageSchema":"43e27e138ebf9cfc5966b082cf9a028302ed4184","hash":"7826610dfede5af7dce63c369e7bce382cc3354e"}
,"/home/labber/lighthouse/w08/scheduler/src/helpers/selectors.js": {"path":"/home/labber/lighthouse/w08/scheduler/src/helpers/selectors.js","statementMap":{"0":{"start":{"line":2,"column":16},"end":{"line":2,"column":52}},"1":{"start":{"line":2,"column":37},"end":{"line":2,"column":51}},"2":{"start":{"line":4,"column":2},"end":{"line":4,"column":64}},"3":{"start":{"line":4,"column":54},"end":{"line":4,"column":64}},"4":{"start":{"line":6,"column":2},"end":{"line":6,"column":62}},"5":{"start":{"line":6,"column":38},"end":{"line":6,"column":60}},"6":{"start":{"line":10,"column":16},"end":{"line":10,"column":52}},"7":{"start":{"line":10,"column":37},"end":{"line":10,"column":51}},"8":{"start":{"line":12,"column":2},"end":{"line":12,"column":64}},"9":{"start":{"line":12,"column":54},"end":{"line":12,"column":64}},"10":{"start":{"line":14,"column":2},"end":{"line":14,"column":62}},"11":{"start":{"line":14,"column":38},"end":{"line":14,"column":60}},"12":{"start":{"line":18,"column":2},"end":{"line":23,"column":4}}},"fnMap":{"0":{"name":"getAppointmentsForDay","decl":{"start":{"line":1,"column":16},"end":{"line":1,"column":37}},"loc":{"start":{"line":1,"column":50},"end":{"line":7,"column":1}},"line":1},"1":{"name":"(anonymous_1)","decl":{"start":{"line":2,"column":32},"end":{"line":2,"column":33}},"loc":{"start":{"line":2,"column":37},"end":{"line":2,"column":51}},"line":2},"2":{"name":"(anonymous_2)","decl":{"start":{"line":6,"column":32},"end":{"line":6,"column":33}},"loc":{"start":{"line":6,"column":38},"end":{"line":6,"column":60}},"line":6},"3":{"name":"getInterviewersForDay","decl":{"start":{"line":9,"column":16},"end":{"line":9,"column":37}},"loc":{"start":{"line":9,"column":50},"end":{"line":15,"column":1}},"line":9},"4":{"name":"(anonymous_4)","decl":{"start":{"line":10,"column":32},"end":{"line":10,"column":33}},"loc":{"start":{"line":10,"column":37},"end":{"line":10,"column":51}},"line":10},"5":{"name":"(anonymous_5)","decl":{"start":{"line":14,"column":32},"end":{"line":14,"column":33}},"loc":{"start":{"line":14,"column":38},"end":{"line":14,"column":60}},"line":14},"6":{"name":"getInterview","decl":{"start":{"line":17,"column":16},"end":{"line":17,"column":28}},"loc":{"start":{"line":17,"column":47},"end":{"line":24,"column":1}},"line":17}},"branchMap":{"0":{"loc":{"start":{"line":4,"column":2},"end":{"line":4,"column":64}},"type":"if","locations":[{"start":{"line":4,"column":2},"end":{"line":4,"column":64}},{"start":{"line":4,"column":2},"end":{"line":4,"column":64}}],"line":4},"1":{"loc":{"start":{"line":4,"column":6},"end":{"line":4,"column":52}},"type":"binary-expr","locations":[{"start":{"line":4,"column":6},"end":{"line":4,"column":29}},{"start":{"line":4,"column":33},"end":{"line":4,"column":52}}],"line":4},"2":{"loc":{"start":{"line":12,"column":2},"end":{"line":12,"column":64}},"type":"if","locations":[{"start":{"line":12,"column":2},"end":{"line":12,"column":64}},{"start":{"line":12,"column":2},"end":{"line":12,"column":64}}],"line":12},"3":{"loc":{"start":{"line":12,"column":6},"end":{"line":12,"column":52}},"type":"binary-expr","locations":[{"start":{"line":12,"column":6},"end":{"line":12,"column":29}},{"start":{"line":12,"column":33},"end":{"line":12,"column":52}}],"line":12},"4":{"loc":{"start":{"line":19,"column":4},"end":{"line":22,"column":5}},"type":"binary-expr","locations":[{"start":{"line":19,"column":4},"end":{"line":19,"column":13}},{"start":{"line":19,"column":17},"end":{"line":22,"column":5}}],"line":19}},"s":{"0":14,"1":13,"2":14,"3":5,"4":9,"5":20,"6":14,"7":13,"8":14,"9":5,"10":9,"11":18,"12":14},"f":{"0":14,"1":13,"2":20,"3":14,"4":13,"5":18,"6":14},"b":{"0":[5,9],"1":[14,10],"2":[5,9],"3":[14,10],"4":[14,7]},"_coverageSchema":"43e27e138ebf9cfc5966b082cf9a028302ed4184","hash":"22da89e226be814ac194aa1d3d0d604c2b873d36"}
,"/home/labber/lighthouse/w08/scheduler/src/hooks/useApplicationData.js": {"path":"/home/labber/lighthouse/w08/scheduler/src/hooks/useApplicationData.js","statementMap":{"0":{"start":{"line":14,"column":28},"end":{"line":19,"column":4}},"1":{"start":{"line":21,"column":17},"end":{"line":21,"column":56}},"2":{"start":{"line":21,"column":24},"end":{"line":21,"column":56}},"3":{"start":{"line":23,"column":2},"end":{"line":37,"column":9}},"4":{"start":{"line":24,"column":4},"end":{"line":36,"column":6}},"5":{"start":{"line":30,"column":8},"end":{"line":35,"column":10}},"6":{"start":{"line":39,"column":2},"end":{"line":39,"column":30}},"7":{"start":{"line":42,"column":4},"end":{"line":48,"column":7}},"8":{"start":{"line":43,"column":6},"end":{"line":47,"column":9}},"9":{"start":{"line":52,"column":4},"end":{"line":58,"column":7}},"10":{"start":{"line":53,"column":6},"end":{"line":57,"column":9}},"11":{"start":{"line":61,"column":2},"end":{"line":66,"column":4}}},"fnMap":{"0":{"name":"useApplicationData","decl":{"start":{"line":13,"column":24},"end":{"line":13,"column":42}},"loc":{"start":{"line":13,"column":45},"end":{"line":67,"column":1}},"line":13},"1":{"name":"(anonymous_1)","decl":{"start":{"line":21,"column":17},"end":{"line":21,"column":18}},"loc":{"start":{"line":21,"column":24},"end":{"line":21,"column":56}},"line":21},"2":{"name":"(anonymous_2)","decl":{"start":{"line":23,"column":12},"end":{"line":23,"column":13}},"loc":{"start":{"line":23,"column":18},"end":{"line":37,"column":3}},"line":23},"3":{"name":"(anonymous_3)","decl":{"start":{"line":29,"column":6},"end":{"line":29,"column":7}},"loc":{"start":{"line":30,"column":8},"end":{"line":35,"column":10}},"line":30},"4":{"name":"bookInterview","decl":{"start":{"line":41,"column":11},"end":{"line":41,"column":24}},"loc":{"start":{"line":41,"column":40},"end":{"line":49,"column":3}},"line":41},"5":{"name":"(anonymous_5)","decl":{"start":{"line":42,"column":68},"end":{"line":42,"column":69}},"loc":{"start":{"line":42,"column":74},"end":{"line":48,"column":5}},"line":42},"6":{"name":"cancelInterview","decl":{"start":{"line":51,"column":11},"end":{"line":51,"column":26}},"loc":{"start":{"line":51,"column":31},"end":{"line":59,"column":3}},"line":51},"7":{"name":"(anonymous_7)","decl":{"start":{"line":52,"column":56},"end":{"line":52,"column":57}},"loc":{"start":{"line":52,"column":62},"end":{"line":58,"column":5}},"line":52}},"branchMap":{},"s":{"0":9,"1":9,"2":1,"3":9,"4":3,"5":3,"6":9,"7":1,"8":1,"9":1,"10":1,"11":9},"f":{"0":9,"1":1,"2":3,"3":3,"4":1,"5":1,"6":1,"7":1},"b":{},"_coverageSchema":"43e27e138ebf9cfc5966b082cf9a028302ed4184","hash":"02adcd4694240285c838f28e90fd4371b9a64d21"}
,"/home/labber/lighthouse/w08/scheduler/src/hooks/useRealtimeUpdate.js": {"path":"/home/labber/lighthouse/w08/scheduler/src/hooks/useRealtimeUpdate.js","statementMap":{"0":{"start":{"line":5,"column":2},"end":{"line":19,"column":17}},"1":{"start":{"line":6,"column":19},"end":{"line":6,"column":69}},"2":{"start":{"line":8,"column":4},"end":{"line":14,"column":6}},"3":{"start":{"line":9,"column":19},"end":{"line":9,"column":41}},"4":{"start":{"line":11,"column":6},"end":{"line":13,"column":7}},"5":{"start":{"line":12,"column":8},"end":{"line":12,"column":23}},"6":{"start":{"line":16,"column":4},"end":{"line":18,"column":6}},"7":{"start":{"line":17,"column":6},"end":{"line":17,"column":21}}},"fnMap":{"0":{"name":"useRealtimeUpdate","decl":{"start":{"line":4,"column":24},"end":{"line":4,"column":41}},"loc":{"start":{"line":4,"column":52},"end":{"line":20,"column":1}},"line":4},"1":{"name":"(anonymous_1)","decl":{"start":{"line":5,"column":12},"end":{"line":5,"column":13}},"loc":{"start":{"line":5,"column":18},"end":{"line":19,"column":3}},"line":5},"2":{"name":"(anonymous_2)","decl":{"start":{"line":8,"column":23},"end":{"line":8,"column":24}},"loc":{"start":{"line":8,"column":32},"end":{"line":14,"column":5}},"line":8},"3":{"name":"(anonymous_3)","decl":{"start":{"line":16,"column":11},"end":{"line":16,"column":12}},"loc":{"start":{"line":16,"column":17},"end":{"line":18,"column":5}},"line":16}},"branchMap":{"0":{"loc":{"start":{"line":11,"column":6},"end":{"line":13,"column":7}},"type":"if","locations":[{"start":{"line":11,"column":6},"end":{"line":13,"column":7}},{"start":{"line":11,"column":6},"end":{"line":13,"column":7}}],"line":11},"1":{"loc":{"start":{"line":11,"column":10},"end":{"line":11,"column":65}},"type":"binary-expr","locations":[{"start":{"line":11,"column":10},"end":{"line":11,"column":34}},{"start":{"line":11,"column":38},"end":{"line":11,"column":65}}],"line":11}},"s":{"0":9,"1":3,"2":3,"3":0,"4":0,"5":0,"6":3,"7":3},"f":{"0":9,"1":3,"2":0,"3":3},"b":{"0":[0,0],"1":[0,0]},"_coverageSchema":"43e27e138ebf9cfc5966b082cf9a028302ed4184","hash":"5ec934fa1fe4567cc523f19326d486d8f419eb94"}
,"/home/labber/lighthouse/w08/scheduler/src/hooks/useVisualMode.js": {"path":"/home/labber/lighthouse/w08/scheduler/src/hooks/useVisualMode.js","statementMap":{"0":{"start":{"line":4,"column":32},"end":{"line":4,"column":51}},"1":{"start":{"line":7,"column":4},"end":{"line":11,"column":5}},"2":{"start":{"line":8,"column":6},"end":{"line":8,"column":71}},"3":{"start":{"line":8,"column":25},"end":{"line":8,"column":69}},"4":{"start":{"line":10,"column":6},"end":{"line":10,"column":45}},"5":{"start":{"line":10,"column":25},"end":{"line":10,"column":43}},"6":{"start":{"line":15,"column":4},"end":{"line":20,"column":7}},"7":{"start":{"line":16,"column":6},"end":{"line":18,"column":7}},"8":{"start":{"line":17,"column":8},"end":{"line":17,"column":51}},"9":{"start":{"line":19,"column":6},"end":{"line":19,"column":23}},"10":{"start":{"line":23,"column":2},"end":{"line":27,"column":4}}},"fnMap":{"0":{"name":"useVisualMode","decl":{"start":{"line":3,"column":24},"end":{"line":3,"column":37}},"loc":{"start":{"line":3,"column":47},"end":{"line":28,"column":1}},"line":3},"1":{"name":"transition","decl":{"start":{"line":6,"column":11},"end":{"line":6,"column":21}},"loc":{"start":{"line":6,"column":48},"end":{"line":12,"column":3}},"line":6},"2":{"name":"(anonymous_2)","decl":{"start":{"line":8,"column":17},"end":{"line":8,"column":18}},"loc":{"start":{"line":8,"column":25},"end":{"line":8,"column":69}},"line":8},"3":{"name":"(anonymous_3)","decl":{"start":{"line":10,"column":17},"end":{"line":10,"column":18}},"loc":{"start":{"line":10,"column":25},"end":{"line":10,"column":43}},"line":10},"4":{"name":"back","decl":{"start":{"line":14,"column":11},"end":{"line":14,"column":15}},"loc":{"start":{"line":14,"column":18},"end":{"line":21,"column":3}},"line":14},"5":{"name":"(anonymous_5)","decl":{"start":{"line":15,"column":15},"end":{"line":15,"column":16}},"loc":{"start":{"line":15,"column":23},"end":{"line":20,"column":5}},"line":15}},"branchMap":{"0":{"loc":{"start":{"line":6,"column":31},"end":{"line":6,"column":46}},"type":"default-arg","locations":[{"start":{"line":6,"column":41},"end":{"line":6,"column":46}}],"line":6},"1":{"loc":{"start":{"line":7,"column":4},"end":{"line":11,"column":5}},"type":"if","locations":[{"start":{"line":7,"column":4},"end":{"line":11,"column":5}},{"start":{"line":7,"column":4},"end":{"line":11,"column":5}}],"line":7},"2":{"loc":{"start":{"line":16,"column":6},"end":{"line":18,"column":7}},"type":"if","locations":[{"start":{"line":16,"column":6},"end":{"line":18,"column":7}},{"start":{"line":16,"column":6},"end":{"line":18,"column":7}}],"line":16}},"s":{"0":42,"1":11,"2":2,"3":2,"4":9,"5":9,"6":4,"7":4,"8":3,"9":1,"10":42},"f":{"0":42,"1":11,"2":2,"3":9,"4":4,"5":4},"b":{"0":[9],"1":[2,9],"2":[3,1]},"_coverageSchema":"43e27e138ebf9cfc5966b082cf9a028302ed4184","hash":"f601fa0a33ffed6b44bac79f319629289ca0691b"}
,"/home/labber/lighthouse/w08/scheduler/src/reducers/application.js": {"path":"/home/labber/lighthouse/w08/scheduler/src/reducers/application.js","statementMap":{"0":{"start":{"line":1,"column":23},"end":{"line":1,"column":32}},"1":{"start":{"line":2,"column":36},"end":{"line":2,"column":58}},"2":{"start":{"line":3,"column":29},"end":{"line":3,"column":44}},"3":{"start":{"line":6,"column":2},"end":{"line":53,"column":3}},"4":{"start":{"line":8,"column":6},"end":{"line":8,"column":43}},"5":{"start":{"line":10,"column":6},"end":{"line":15,"column":8}},"6":{"start":{"line":17,"column":26},"end":{"line":20,"column":7}},"7":{"start":{"line":22,"column":27},"end":{"line":25,"column":7}},"8":{"start":{"line":27,"column":29},"end":{"line":32,"column":9}},"9":{"start":{"line":28,"column":8},"end":{"line":32,"column":9}},"10":{"start":{"line":30,"column":26},"end":{"line":30,"column":72}},"11":{"start":{"line":34,"column":19},"end":{"line":41,"column":8}},"12":{"start":{"line":35,"column":8},"end":{"line":40,"column":16}},"13":{"start":{"line":43,"column":6},"end":{"line":47,"column":8}},"14":{"start":{"line":50,"column":6},"end":{"line":52,"column":8}}},"fnMap":{"0":{"name":"reducer","decl":{"start":{"line":5,"column":24},"end":{"line":5,"column":31}},"loc":{"start":{"line":5,"column":47},"end":{"line":54,"column":1}},"line":5},"1":{"name":"(anonymous_1)","decl":{"start":{"line":27,"column":29},"end":{"line":27,"column":30}},"loc":{"start":{"line":28,"column":8},"end":{"line":32,"column":9}},"line":28},"2":{"name":"(anonymous_2)","decl":{"start":{"line":30,"column":10},"end":{"line":30,"column":11}},"loc":{"start":{"line":30,"column":26},"end":{"line":30,"column":72}},"line":30},"3":{"name":"(anonymous_3)","decl":{"start":{"line":34,"column":34},"end":{"line":34,"column":35}},"loc":{"start":{"line":34,"column":41},"end":{"line":41,"column":7}},"line":34}},"branchMap":{"0":{"loc":{"start":{"line":6,"column":2},"end":{"line":53,"column":3}},"type":"switch","locations":[{"start":{"line":7,"column":4},"end":{"line":8,"column":43}},{"start":{"line":9,"column":4},"end":{"line":15,"column":8}},{"start":{"line":16,"column":4},"end":{"line":48,"column":5}},{"start":{"line":49,"column":4},"end":{"line":52,"column":8}}],"line":6},"1":{"loc":{"start":{"line":19,"column":19},"end":{"line":19,"column":62}},"type":"binary-expr","locations":[{"start":{"line":19,"column":19},"end":{"line":19,"column":35}},{"start":{"line":19,"column":39},"end":{"line":19,"column":62}}],"line":19},"2":{"loc":{"start":{"line":30,"column":26},"end":{"line":30,"column":72}},"type":"cond-expr","locations":[{"start":{"line":30,"column":55},"end":{"line":30,"column":64}},{"start":{"line":30,"column":67},"end":{"line":30,"column":72}}],"line":30},"3":{"loc":{"start":{"line":35,"column":15},"end":{"line":40,"column":15}},"type":"cond-expr","locations":[{"start":{"line":36,"column":12},"end":{"line":39,"column":13}},{"start":{"line":40,"column":12},"end":{"line":40,"column":15}}],"line":35}},"s":{"0":2,"1":2,"2":2,"3":7,"4":1,"5":3,"6":2,"7":2,"8":2,"9":2,"10":4,"11":2,"12":4,"13":2,"14":1},"f":{"0":7,"1":2,"2":4,"3":4},"b":{"0":[1,3,2,1],"1":[2,1],"2":[2,2],"3":[2,2]},"_coverageSchema":"43e27e138ebf9cfc5966b082cf9a028302ed4184","hash":"f6382be7a7027b0bded677d469df83b2c26914a6"}
}
